<?xml version="1.0" encoding="UTF-8"?>
<!-- Generated by org.testng.reporters.JUnitReportReporter -->
<testsuite skipped="0" hostname="DESKTOP-D9K9090" name="mavenPackage.ApiTest" tests="2" failures="0" timestamp="15 Feb 2022 16:34:21 GMT" time="0.000" errors="0">
  <testcase name="data" time="0.000" classname="mavenPackage.ApiTest"/>
  <testcase name="apiLoginTest" time="0.000" classname="mavenPackage.ApiTest"/>
</testsuite> <!-- mavenPackage.ApiTest -->
