<?xml version="1.0" encoding="UTF-8"?>
<!-- Generated by org.testng.reporters.JUnitReportReporter -->
<testsuite skipped="0" hostname="DESKTOP-D9K9090" name="e2eTesting.Demo" tests="1" failures="0" timestamp="16 Feb 2022 10:14:32 GMT" time="0.000" errors="0">
  <testcase name="demo" time="0.000" classname="e2eTesting.Demo"/>
</testsuite> <!-- e2eTesting.Demo -->
