<?xml version="1.0" encoding="UTF-8"?>
<!-- Generated by org.testng.reporters.JUnitReportReporter -->
<testsuite skipped="0" hostname="DESKTOP-D9K9090" name="mavenPackage.Selenium" tests="5" failures="0" timestamp="15 Feb 2022 12:12:26 GMT" time="0.000" errors="0">
  <testcase name="webLoginTest" time="0.000" classname="mavenPackage.Selenium"/>
  <testcase name="dummy" time="0.000" classname="mavenPackage.Selenium"/>
  <testcase name="dummy" time="0.000" classname="mavenPackage.Selenium"/>
  <testcase name="demo" time="0.000" classname="mavenPackage.Selenium"/>
  <testcase name="dummy" time="0.000" classname="mavenPackage.Selenium"/>
</testsuite> <!-- mavenPackage.Selenium -->
