<?xml version="1.0" encoding="UTF-8"?>
<!-- Generated by org.testng.reporters.JUnitReportReporter -->
<testsuite skipped="0" hostname="DESKTOP-D9K9090" name="testNGDemo.Demo" tests="4" failures="0" timestamp="15 Feb 2022 11:57:37 GMT" time="0.013" errors="0">
  <testcase name="dummy" time="0.001" classname="testNGDemo.Demo"/>
  <testcase name="dummy" time="0.001" classname="testNGDemo.Demo"/>
  <testcase name="demo" time="0.010" classname="testNGDemo.Demo"/>
  <testcase name="dummy" time="0.001" classname="testNGDemo.Demo"/>
</testsuite> <!-- testNGDemo.Demo -->
