<?xml version="1.0" encoding="UTF-8"?>
<!-- Generated by org.testng.reporters.JUnitReportReporter -->
<testsuite skipped="1" hostname="DESKTOP-D9K9090" name="mavenPackage.ApiTest" tests="2" failures="0" timestamp="15 Feb 2022 12:12:26 GMT" time="0.008" errors="0">
  <testcase name="apiLoginTest" time="0.008" classname="mavenPackage.ApiTest"/>
  <testcase name="data" classname="mavenPackage.ApiTest">
    <skipped/>
  </testcase> <!-- data -->
</testsuite> <!-- mavenPackage.ApiTest -->
